mode: count
github.com/moroshma/MiniToolStreamConnector/minitoolstream_connector/domain/entities.go:55.84,57.2 1 3
github.com/moroshma/MiniToolStreamConnector/minitoolstream_connector/domain/entities.go:68.85,70.2 1 2
github.com/moroshma/MiniToolStreamConnector/minitoolstream_connector/domain/entities.go:81.85,83.2 1 2
github.com/moroshma/MiniToolStreamConnector/minitoolstream_connector/domain/interfaces.go:52.28,54.2 1 3
github.com/moroshma/MiniToolStreamConnector/minitoolstream_connector/infrastructure/handler/common.go:13.65,15.2 1 4
github.com/moroshma/MiniToolStreamConnector/minitoolstream_connector/infrastructure/handler/data_handler.go:29.61,31.19 2 12
github.com/moroshma/MiniToolStreamConnector/minitoolstream_connector/infrastructure/handler/data_handler.go:31.19,33.3 1 10
github.com/moroshma/MiniToolStreamConnector/minitoolstream_connector/infrastructure/handler/data_handler.go:35.2,36.20 2 12
github.com/moroshma/MiniToolStreamConnector/minitoolstream_connector/infrastructure/handler/data_handler.go:36.20,38.3 1 8
github.com/moroshma/MiniToolStreamConnector/minitoolstream_connector/infrastructure/handler/data_handler.go:40.2,41.23 2 12
github.com/moroshma/MiniToolStreamConnector/minitoolstream_connector/infrastructure/handler/data_handler.go:41.23,43.3 1 10
github.com/moroshma/MiniToolStreamConnector/minitoolstream_connector/infrastructure/handler/data_handler.go:45.2,51.3 1 12
github.com/moroshma/MiniToolStreamConnector/minitoolstream_connector/infrastructure/handler/data_handler.go:55.75,56.28 1 4
github.com/moroshma/MiniToolStreamConnector/minitoolstream_connector/infrastructure/handler/data_handler.go:56.28,58.3 1 5
github.com/moroshma/MiniToolStreamConnector/minitoolstream_connector/infrastructure/handler/data_handler.go:59.2,59.10 1 4
github.com/moroshma/MiniToolStreamConnector/minitoolstream_connector/infrastructure/handler/data_handler.go:63.84,72.30 5 5
github.com/moroshma/MiniToolStreamConnector/minitoolstream_connector/infrastructure/handler/data_handler.go:72.30,74.3 1 1
github.com/moroshma/MiniToolStreamConnector/minitoolstream_connector/infrastructure/handler/data_handler.go:76.2,80.8 1 5
github.com/moroshma/MiniToolStreamConnector/minitoolstream_connector/infrastructure/handler/file_handler.go:30.61,32.19 2 7
github.com/moroshma/MiniToolStreamConnector/minitoolstream_connector/infrastructure/handler/file_handler.go:32.19,34.3 1 1
github.com/moroshma/MiniToolStreamConnector/minitoolstream_connector/infrastructure/handler/file_handler.go:36.2,41.3 1 7
github.com/moroshma/MiniToolStreamConnector/minitoolstream_connector/infrastructure/handler/file_handler.go:45.84,47.55 1 5
github.com/moroshma/MiniToolStreamConnector/minitoolstream_connector/infrastructure/handler/file_handler.go:47.55,49.3 1 1
github.com/moroshma/MiniToolStreamConnector/minitoolstream_connector/infrastructure/handler/file_handler.go:52.2,53.16 2 4
github.com/moroshma/MiniToolStreamConnector/minitoolstream_connector/infrastructure/handler/file_handler.go:53.16,55.3 1 0
github.com/moroshma/MiniToolStreamConnector/minitoolstream_connector/infrastructure/handler/file_handler.go:57.2,61.23 3 4
github.com/moroshma/MiniToolStreamConnector/minitoolstream_connector/infrastructure/handler/file_handler.go:61.23,63.3 1 3
github.com/moroshma/MiniToolStreamConnector/minitoolstream_connector/infrastructure/handler/file_handler.go:65.2,73.8 1 4
github.com/moroshma/MiniToolStreamConnector/minitoolstream_connector/infrastructure/handler/file_handler.go:77.48,79.13 2 11
github.com/moroshma/MiniToolStreamConnector/minitoolstream_connector/infrastructure/handler/file_handler.go:80.15,81.28 1 2
github.com/moroshma/MiniToolStreamConnector/minitoolstream_connector/infrastructure/handler/file_handler.go:82.14,83.27 1 1
github.com/moroshma/MiniToolStreamConnector/minitoolstream_connector/infrastructure/handler/file_handler.go:84.14,85.22 1 3
github.com/moroshma/MiniToolStreamConnector/minitoolstream_connector/infrastructure/handler/file_handler.go:86.15,87.21 1 1
github.com/moroshma/MiniToolStreamConnector/minitoolstream_connector/infrastructure/handler/file_handler.go:88.14,89.27 1 1
github.com/moroshma/MiniToolStreamConnector/minitoolstream_connector/infrastructure/handler/file_handler.go:90.14,91.27 1 1
github.com/moroshma/MiniToolStreamConnector/minitoolstream_connector/infrastructure/handler/file_handler.go:92.10,93.36 1 2
github.com/moroshma/MiniToolStreamConnector/minitoolstream_connector/infrastructure/handler/file_saver.go:25.64,27.19 2 8
github.com/moroshma/MiniToolStreamConnector/minitoolstream_connector/infrastructure/handler/file_saver.go:27.19,29.3 1 1
github.com/moroshma/MiniToolStreamConnector/minitoolstream_connector/infrastructure/handler/file_saver.go:32.2,32.60 1 8
github.com/moroshma/MiniToolStreamConnector/minitoolstream_connector/infrastructure/handler/file_saver.go:32.60,34.3 1 0
github.com/moroshma/MiniToolStreamConnector/minitoolstream_connector/infrastructure/handler/file_saver.go:36.2,39.8 1 8
github.com/moroshma/MiniToolStreamConnector/minitoolstream_connector/infrastructure/handler/file_saver.go:43.84,45.24 1 10
github.com/moroshma/MiniToolStreamConnector/minitoolstream_connector/infrastructure/handler/file_saver.go:45.24,48.3 2 1
github.com/moroshma/MiniToolStreamConnector/minitoolstream_connector/infrastructure/handler/file_saver.go:51.2,51.26 1 9
github.com/moroshma/MiniToolStreamConnector/minitoolstream_connector/infrastructure/handler/file_saver.go:51.26,53.3 1 8
github.com/moroshma/MiniToolStreamConnector/minitoolstream_connector/infrastructure/handler/file_saver.go:56.2,59.56 2 9
github.com/moroshma/MiniToolStreamConnector/minitoolstream_connector/infrastructure/handler/file_saver.go:59.56,61.16 2 8
github.com/moroshma/MiniToolStreamConnector/minitoolstream_connector/infrastructure/handler/file_saver.go:61.16,63.4 1 8
github.com/moroshma/MiniToolStreamConnector/minitoolstream_connector/infrastructure/handler/file_saver.go:67.2,67.63 1 9
github.com/moroshma/MiniToolStreamConnector/minitoolstream_connector/infrastructure/handler/file_saver.go:67.63,69.3 1 0
github.com/moroshma/MiniToolStreamConnector/minitoolstream_connector/infrastructure/handler/file_saver.go:71.2,72.12 2 9
github.com/moroshma/MiniToolStreamConnector/minitoolstream_connector/infrastructure/handler/file_saver.go:76.50,77.21 1 19
github.com/moroshma/MiniToolStreamConnector/minitoolstream_connector/infrastructure/handler/file_saver.go:78.20,79.16 1 2
github.com/moroshma/MiniToolStreamConnector/minitoolstream_connector/infrastructure/handler/file_saver.go:80.19,81.16 1 2
github.com/moroshma/MiniToolStreamConnector/minitoolstream_connector/infrastructure/handler/file_saver.go:82.19,83.16 1 1
github.com/moroshma/MiniToolStreamConnector/minitoolstream_connector/infrastructure/handler/file_saver.go:84.20,85.17 1 1
github.com/moroshma/MiniToolStreamConnector/minitoolstream_connector/infrastructure/handler/file_saver.go:86.20,87.16 1 4
github.com/moroshma/MiniToolStreamConnector/minitoolstream_connector/infrastructure/handler/file_saver.go:88.26,89.17 1 2
github.com/moroshma/MiniToolStreamConnector/minitoolstream_connector/infrastructure/handler/file_saver.go:90.25,91.16 1 1
github.com/moroshma/MiniToolStreamConnector/minitoolstream_connector/infrastructure/handler/file_saver.go:92.25,93.16 1 2
github.com/moroshma/MiniToolStreamConnector/minitoolstream_connector/infrastructure/handler/file_saver.go:94.34,95.16 1 2
github.com/moroshma/MiniToolStreamConnector/minitoolstream_connector/infrastructure/handler/file_saver.go:96.10,97.12 1 2
github.com/moroshma/MiniToolStreamConnector/minitoolstream_connector/infrastructure/handler/image_handler.go:28.64,30.19 2 6
github.com/moroshma/MiniToolStreamConnector/minitoolstream_connector/infrastructure/handler/image_handler.go:30.19,32.3 1 1
github.com/moroshma/MiniToolStreamConnector/minitoolstream_connector/infrastructure/handler/image_handler.go:34.2,38.3 1 6
github.com/moroshma/MiniToolStreamConnector/minitoolstream_connector/infrastructure/handler/image_handler.go:42.85,44.56 1 4
github.com/moroshma/MiniToolStreamConnector/minitoolstream_connector/infrastructure/handler/image_handler.go:44.56,46.3 1 1
github.com/moroshma/MiniToolStreamConnector/minitoolstream_connector/infrastructure/handler/image_handler.go:49.2,50.16 2 3
github.com/moroshma/MiniToolStreamConnector/minitoolstream_connector/infrastructure/handler/image_handler.go:50.16,52.3 1 0
github.com/moroshma/MiniToolStreamConnector/minitoolstream_connector/infrastructure/handler/image_handler.go:54.2,67.8 3 3
github.com/moroshma/MiniToolStreamConnector/minitoolstream_connector/infrastructure/handler/image_handler.go:71.54,73.13 2 12
github.com/moroshma/MiniToolStreamConnector/minitoolstream_connector/infrastructure/handler/image_handler.go:74.14,75.21 1 3
github.com/moroshma/MiniToolStreamConnector/minitoolstream_connector/infrastructure/handler/image_handler.go:76.23,77.22 1 3
github.com/moroshma/MiniToolStreamConnector/minitoolstream_connector/infrastructure/handler/image_handler.go:78.14,79.21 1 1
github.com/moroshma/MiniToolStreamConnector/minitoolstream_connector/infrastructure/handler/image_handler.go:80.15,81.22 1 1
github.com/moroshma/MiniToolStreamConnector/minitoolstream_connector/infrastructure/handler/image_handler.go:82.14,83.21 1 1
github.com/moroshma/MiniToolStreamConnector/minitoolstream_connector/infrastructure/handler/image_handler.go:84.14,85.25 1 1
github.com/moroshma/MiniToolStreamConnector/minitoolstream_connector/infrastructure/handler/image_handler.go:86.10,87.22 1 2
github.com/moroshma/MiniToolStreamConnector/minitoolstream_connector/infrastructure/handler/image_processor.go:25.79,27.19 2 7
github.com/moroshma/MiniToolStreamConnector/minitoolstream_connector/infrastructure/handler/image_processor.go:27.19,29.3 1 1
github.com/moroshma/MiniToolStreamConnector/minitoolstream_connector/infrastructure/handler/image_processor.go:32.2,32.60 1 7
github.com/moroshma/MiniToolStreamConnector/minitoolstream_connector/infrastructure/handler/image_processor.go:32.60,34.3 1 0
github.com/moroshma/MiniToolStreamConnector/minitoolstream_connector/infrastructure/handler/image_processor.go:36.2,39.8 1 7
github.com/moroshma/MiniToolStreamConnector/minitoolstream_connector/infrastructure/handler/image_processor.go:43.89,45.24 1 10
github.com/moroshma/MiniToolStreamConnector/minitoolstream_connector/infrastructure/handler/image_processor.go:45.24,48.3 2 1
github.com/moroshma/MiniToolStreamConnector/minitoolstream_connector/infrastructure/handler/image_processor.go:51.2,52.53 2 9
github.com/moroshma/MiniToolStreamConnector/minitoolstream_connector/infrastructure/handler/image_processor.go:52.53,54.3 1 1
github.com/moroshma/MiniToolStreamConnector/minitoolstream_connector/infrastructure/handler/image_processor.go:54.8,59.57 2 8
github.com/moroshma/MiniToolStreamConnector/minitoolstream_connector/infrastructure/handler/image_processor.go:59.57,61.17 2 7
github.com/moroshma/MiniToolStreamConnector/minitoolstream_connector/infrastructure/handler/image_processor.go:61.17,63.5 1 7
github.com/moroshma/MiniToolStreamConnector/minitoolstream_connector/infrastructure/handler/image_processor.go:68.2,69.56 2 9
github.com/moroshma/MiniToolStreamConnector/minitoolstream_connector/infrastructure/handler/image_processor.go:69.56,71.3 1 8
github.com/moroshma/MiniToolStreamConnector/minitoolstream_connector/infrastructure/handler/image_processor.go:74.2,74.63 1 9
github.com/moroshma/MiniToolStreamConnector/minitoolstream_connector/infrastructure/handler/image_processor.go:74.63,76.3 1 0
github.com/moroshma/MiniToolStreamConnector/minitoolstream_connector/infrastructure/handler/image_processor.go:78.2,79.12 2 9
github.com/moroshma/MiniToolStreamConnector/minitoolstream_connector/infrastructure/handler/image_processor.go:83.51,84.21 1 15
github.com/moroshma/MiniToolStreamConnector/minitoolstream_connector/infrastructure/handler/image_processor.go:85.20,86.16 1 2
github.com/moroshma/MiniToolStreamConnector/minitoolstream_connector/infrastructure/handler/image_processor.go:87.19,88.16 1 3
github.com/moroshma/MiniToolStreamConnector/minitoolstream_connector/infrastructure/handler/image_processor.go:89.19,90.16 1 2
github.com/moroshma/MiniToolStreamConnector/minitoolstream_connector/infrastructure/handler/image_processor.go:91.20,92.17 1 2
github.com/moroshma/MiniToolStreamConnector/minitoolstream_connector/infrastructure/handler/image_processor.go:93.19,94.16 1 2
github.com/moroshma/MiniToolStreamConnector/minitoolstream_connector/infrastructure/handler/image_processor.go:95.23,96.16 1 2
github.com/moroshma/MiniToolStreamConnector/minitoolstream_connector/infrastructure/handler/image_processor.go:97.10,98.12 1 2
github.com/moroshma/MiniToolStreamConnector/minitoolstream_connector/infrastructure/handler/logger.go:22.67,24.19 2 10
github.com/moroshma/MiniToolStreamConnector/minitoolstream_connector/infrastructure/handler/logger.go:24.19,26.3 1 1
github.com/moroshma/MiniToolStreamConnector/minitoolstream_connector/infrastructure/handler/logger.go:28.2,31.3 1 10
github.com/moroshma/MiniToolStreamConnector/minitoolstream_connector/infrastructure/handler/logger.go:35.88,39.26 2 7
github.com/moroshma/MiniToolStreamConnector/minitoolstream_connector/infrastructure/handler/logger.go:39.26,41.3 1 4
github.com/moroshma/MiniToolStreamConnector/minitoolstream_connector/infrastructure/handler/logger.go:44.2,44.56 1 7
github.com/moroshma/MiniToolStreamConnector/minitoolstream_connector/infrastructure/handler/logger.go:44.56,45.79 1 3
github.com/moroshma/MiniToolStreamConnector/minitoolstream_connector/infrastructure/handler/logger.go:45.79,47.4 1 1
github.com/moroshma/MiniToolStreamConnector/minitoolstream_connector/infrastructure/handler/logger.go:50.2,50.12 1 7
github.com/moroshma/MiniToolStreamConnector/minitoolstream_connector/infrastructure/grpc/egress_client.go:21.89,22.22 1 2
github.com/moroshma/MiniToolStreamConnector/minitoolstream_connector/infrastructure/grpc/egress_client.go:22.22,24.3 1 1
github.com/moroshma/MiniToolStreamConnector/minitoolstream_connector/infrastructure/grpc/egress_client.go:27.2,27.20 1 1
github.com/moroshma/MiniToolStreamConnector/minitoolstream_connector/infrastructure/grpc/egress_client.go:27.20,31.3 1 0
github.com/moroshma/MiniToolStreamConnector/minitoolstream_connector/infrastructure/grpc/egress_client.go:34.2,35.16 2 1
github.com/moroshma/MiniToolStreamConnector/minitoolstream_connector/infrastructure/grpc/egress_client.go:35.16,37.3 1 1
github.com/moroshma/MiniToolStreamConnector/minitoolstream_connector/infrastructure/grpc/egress_client.go:39.2,44.8 2 0
github.com/moroshma/MiniToolStreamConnector/minitoolstream_connector/infrastructure/grpc/egress_client.go:48.125,49.19 1 5
github.com/moroshma/MiniToolStreamConnector/minitoolstream_connector/infrastructure/grpc/egress_client.go:49.19,51.3 1 1
github.com/moroshma/MiniToolStreamConnector/minitoolstream_connector/infrastructure/grpc/egress_client.go:53.2,53.26 1 4
github.com/moroshma/MiniToolStreamConnector/minitoolstream_connector/infrastructure/grpc/egress_client.go:53.26,55.3 1 1
github.com/moroshma/MiniToolStreamConnector/minitoolstream_connector/infrastructure/grpc/egress_client.go:57.2,62.33 2 3
github.com/moroshma/MiniToolStreamConnector/minitoolstream_connector/infrastructure/grpc/egress_client.go:62.33,65.3 2 1
github.com/moroshma/MiniToolStreamConnector/minitoolstream_connector/infrastructure/grpc/egress_client.go:67.2,68.16 2 3
github.com/moroshma/MiniToolStreamConnector/minitoolstream_connector/infrastructure/grpc/egress_client.go:68.16,70.3 1 1
github.com/moroshma/MiniToolStreamConnector/minitoolstream_connector/infrastructure/grpc/egress_client.go:72.2,72.56 1 2
github.com/moroshma/MiniToolStreamConnector/minitoolstream_connector/infrastructure/grpc/egress_client.go:76.116,77.19 1 3
github.com/moroshma/MiniToolStreamConnector/minitoolstream_connector/infrastructure/grpc/egress_client.go:77.19,79.3 1 1
github.com/moroshma/MiniToolStreamConnector/minitoolstream_connector/infrastructure/grpc/egress_client.go:81.2,81.26 1 2
github.com/moroshma/MiniToolStreamConnector/minitoolstream_connector/infrastructure/grpc/egress_client.go:81.26,83.3 1 1
github.com/moroshma/MiniToolStreamConnector/minitoolstream_connector/infrastructure/grpc/egress_client.go:85.2,92.16 3 1
github.com/moroshma/MiniToolStreamConnector/minitoolstream_connector/infrastructure/grpc/egress_client.go:92.16,94.3 1 0
github.com/moroshma/MiniToolStreamConnector/minitoolstream_connector/infrastructure/grpc/egress_client.go:96.2,96.51 1 1
github.com/moroshma/MiniToolStreamConnector/minitoolstream_connector/infrastructure/grpc/egress_client.go:100.93,101.19 1 3
github.com/moroshma/MiniToolStreamConnector/minitoolstream_connector/infrastructure/grpc/egress_client.go:101.19,103.3 1 1
github.com/moroshma/MiniToolStreamConnector/minitoolstream_connector/infrastructure/grpc/egress_client.go:105.2,110.16 3 2
github.com/moroshma/MiniToolStreamConnector/minitoolstream_connector/infrastructure/grpc/egress_client.go:110.16,112.3 1 1
github.com/moroshma/MiniToolStreamConnector/minitoolstream_connector/infrastructure/grpc/egress_client.go:114.2,114.31 1 1
github.com/moroshma/MiniToolStreamConnector/minitoolstream_connector/infrastructure/grpc/egress_client.go:118.38,119.19 1 1
github.com/moroshma/MiniToolStreamConnector/minitoolstream_connector/infrastructure/grpc/egress_client.go:119.19,121.3 1 0
github.com/moroshma/MiniToolStreamConnector/minitoolstream_connector/infrastructure/grpc/egress_client.go:122.2,122.12 1 1
github.com/moroshma/MiniToolStreamConnector/minitoolstream_connector/infrastructure/grpc/egress_client.go:130.74,132.16 2 3
github.com/moroshma/MiniToolStreamConnector/minitoolstream_connector/infrastructure/grpc/egress_client.go:132.16,134.3 1 1
github.com/moroshma/MiniToolStreamConnector/minitoolstream_connector/infrastructure/grpc/egress_client.go:136.2,139.8 1 2
github.com/moroshma/MiniToolStreamConnector/minitoolstream_connector/infrastructure/grpc/egress_client.go:147.72,149.16 2 3
github.com/moroshma/MiniToolStreamConnector/minitoolstream_connector/infrastructure/grpc/egress_client.go:149.16,151.3 1 1
github.com/moroshma/MiniToolStreamConnector/minitoolstream_connector/infrastructure/grpc/egress_client.go:153.2,159.8 1 2
github.com/moroshma/MiniToolStreamConnector/minitoolstream_connector/infrastructure/grpc/ingress_client.go:21.91,22.22 1 2
github.com/moroshma/MiniToolStreamConnector/minitoolstream_connector/infrastructure/grpc/ingress_client.go:22.22,24.3 1 1
github.com/moroshma/MiniToolStreamConnector/minitoolstream_connector/infrastructure/grpc/ingress_client.go:27.2,27.20 1 1
github.com/moroshma/MiniToolStreamConnector/minitoolstream_connector/infrastructure/grpc/ingress_client.go:27.20,31.3 1 0
github.com/moroshma/MiniToolStreamConnector/minitoolstream_connector/infrastructure/grpc/ingress_client.go:34.2,35.16 2 1
github.com/moroshma/MiniToolStreamConnector/minitoolstream_connector/infrastructure/grpc/ingress_client.go:35.16,37.3 1 1
github.com/moroshma/MiniToolStreamConnector/minitoolstream_connector/infrastructure/grpc/ingress_client.go:39.2,44.8 2 0
github.com/moroshma/MiniToolStreamConnector/minitoolstream_connector/infrastructure/grpc/ingress_client.go:48.113,49.16 1 6
github.com/moroshma/MiniToolStreamConnector/minitoolstream_connector/infrastructure/grpc/ingress_client.go:49.16,51.3 1 1
github.com/moroshma/MiniToolStreamConnector/minitoolstream_connector/infrastructure/grpc/ingress_client.go:53.2,53.23 1 5
github.com/moroshma/MiniToolStreamConnector/minitoolstream_connector/infrastructure/grpc/ingress_client.go:53.23,55.3 1 1
github.com/moroshma/MiniToolStreamConnector/minitoolstream_connector/infrastructure/grpc/ingress_client.go:57.2,64.16 3 4
github.com/moroshma/MiniToolStreamConnector/minitoolstream_connector/infrastructure/grpc/ingress_client.go:64.16,66.3 1 2
github.com/moroshma/MiniToolStreamConnector/minitoolstream_connector/infrastructure/grpc/ingress_client.go:68.2,73.8 1 2
github.com/moroshma/MiniToolStreamConnector/minitoolstream_connector/infrastructure/grpc/ingress_client.go:77.39,78.19 1 1
github.com/moroshma/MiniToolStreamConnector/minitoolstream_connector/infrastructure/grpc/ingress_client.go:78.19,80.3 1 0
github.com/moroshma/MiniToolStreamConnector/minitoolstream_connector/infrastructure/grpc/ingress_client.go:81.2,81.12 1 1
github.com/moroshma/MiniToolStreamConnector/minitoolstream_connector/usecase/subscriber/subscriber.go:29.65,31.2 1 0
github.com/moroshma/MiniToolStreamConnector/minitoolstream_connector/usecase/subscriber/subscriber.go:47.49,48.19 1 16
github.com/moroshma/MiniToolStreamConnector/minitoolstream_connector/usecase/subscriber/subscriber.go:48.19,50.3 1 1
github.com/moroshma/MiniToolStreamConnector/minitoolstream_connector/usecase/subscriber/subscriber.go:52.2,52.26 1 15
github.com/moroshma/MiniToolStreamConnector/minitoolstream_connector/usecase/subscriber/subscriber.go:52.26,54.3 1 1
github.com/moroshma/MiniToolStreamConnector/minitoolstream_connector/usecase/subscriber/subscriber.go:56.2,57.19 2 14
github.com/moroshma/MiniToolStreamConnector/minitoolstream_connector/usecase/subscriber/subscriber.go:57.19,59.3 1 3
github.com/moroshma/MiniToolStreamConnector/minitoolstream_connector/usecase/subscriber/subscriber.go:61.2,62.20 2 14
github.com/moroshma/MiniToolStreamConnector/minitoolstream_connector/usecase/subscriber/subscriber.go:62.20,64.3 1 13
github.com/moroshma/MiniToolStreamConnector/minitoolstream_connector/usecase/subscriber/subscriber.go:66.2,76.8 2 14
github.com/moroshma/MiniToolStreamConnector/minitoolstream_connector/usecase/subscriber/subscriber.go:80.87,85.2 4 7
github.com/moroshma/MiniToolStreamConnector/minitoolstream_connector/usecase/subscriber/subscriber.go:88.84,91.41 3 1
github.com/moroshma/MiniToolStreamConnector/minitoolstream_connector/usecase/subscriber/subscriber.go:91.41,94.3 2 2
github.com/moroshma/MiniToolStreamConnector/minitoolstream_connector/usecase/subscriber/subscriber.go:98.38,102.26 3 4
github.com/moroshma/MiniToolStreamConnector/minitoolstream_connector/usecase/subscriber/subscriber.go:102.26,104.3 1 1
github.com/moroshma/MiniToolStreamConnector/minitoolstream_connector/usecase/subscriber/subscriber.go:106.2,109.43 2 3
github.com/moroshma/MiniToolStreamConnector/minitoolstream_connector/usecase/subscriber/subscriber.go:109.43,112.3 2 3
github.com/moroshma/MiniToolStreamConnector/minitoolstream_connector/usecase/subscriber/subscriber.go:114.2,114.12 1 3
github.com/moroshma/MiniToolStreamConnector/minitoolstream_connector/usecase/subscriber/subscriber.go:118.90,131.16 5 3
github.com/moroshma/MiniToolStreamConnector/minitoolstream_connector/usecase/subscriber/subscriber.go:131.16,134.3 2 0
github.com/moroshma/MiniToolStreamConnector/minitoolstream_connector/usecase/subscriber/subscriber.go:137.2,140.12 2 3
github.com/moroshma/MiniToolStreamConnector/minitoolstream_connector/usecase/subscriber/subscriber.go:140.12,142.7 2 3
github.com/moroshma/MiniToolStreamConnector/minitoolstream_connector/usecase/subscriber/subscriber.go:142.7,144.21 2 4
github.com/moroshma/MiniToolStreamConnector/minitoolstream_connector/usecase/subscriber/subscriber.go:144.21,147.5 2 3
github.com/moroshma/MiniToolStreamConnector/minitoolstream_connector/usecase/subscriber/subscriber.go:148.4,148.18 1 1
github.com/moroshma/MiniToolStreamConnector/minitoolstream_connector/usecase/subscriber/subscriber.go:148.18,149.12 1 0
github.com/moroshma/MiniToolStreamConnector/minitoolstream_connector/usecase/subscriber/subscriber.go:150.25,151.12 1 0
github.com/moroshma/MiniToolStreamConnector/minitoolstream_connector/usecase/subscriber/subscriber.go:152.13,154.12 2 0
github.com/moroshma/MiniToolStreamConnector/minitoolstream_connector/usecase/subscriber/subscriber.go:157.4,158.11 2 1
github.com/moroshma/MiniToolStreamConnector/minitoolstream_connector/usecase/subscriber/subscriber.go:159.42,159.42 0 1
github.com/moroshma/MiniToolStreamConnector/minitoolstream_connector/usecase/subscriber/subscriber.go:160.24,161.11 1 0
github.com/moroshma/MiniToolStreamConnector/minitoolstream_connector/usecase/subscriber/subscriber.go:167.2,168.6 2 3
github.com/moroshma/MiniToolStreamConnector/minitoolstream_connector/usecase/subscriber/subscriber.go:168.6,169.10 1 4
github.com/moroshma/MiniToolStreamConnector/minitoolstream_connector/usecase/subscriber/subscriber.go:170.23,172.10 2 0
github.com/moroshma/MiniToolStreamConnector/minitoolstream_connector/usecase/subscriber/subscriber.go:174.47,175.11 1 4
github.com/moroshma/MiniToolStreamConnector/minitoolstream_connector/usecase/subscriber/subscriber.go:175.11,178.5 2 3
github.com/moroshma/MiniToolStreamConnector/minitoolstream_connector/usecase/subscriber/subscriber.go:180.4,180.80 1 1
github.com/moroshma/MiniToolStreamConnector/minitoolstream_connector/usecase/subscriber/subscriber.go:180.80,182.5 1 0
github.com/moroshma/MiniToolStreamConnector/minitoolstream_connector/usecase/subscriber/subscriber.go:188.132,197.16 3 4
github.com/moroshma/MiniToolStreamConnector/minitoolstream_connector/usecase/subscriber/subscriber.go:197.16,199.3 1 1
github.com/moroshma/MiniToolStreamConnector/minitoolstream_connector/usecase/subscriber/subscriber.go:201.2,202.6 2 3
github.com/moroshma/MiniToolStreamConnector/minitoolstream_connector/usecase/subscriber/subscriber.go:202.6,204.20 2 6
github.com/moroshma/MiniToolStreamConnector/minitoolstream_connector/usecase/subscriber/subscriber.go:204.20,205.9 1 3
github.com/moroshma/MiniToolStreamConnector/minitoolstream_connector/usecase/subscriber/subscriber.go:207.3,207.17 1 3
github.com/moroshma/MiniToolStreamConnector/minitoolstream_connector/usecase/subscriber/subscriber.go:207.17,209.4 1 0
github.com/moroshma/MiniToolStreamConnector/minitoolstream_connector/usecase/subscriber/subscriber.go:211.3,216.52 3 3
github.com/moroshma/MiniToolStreamConnector/minitoolstream_connector/usecase/subscriber/subscriber.go:216.52,219.4 1 1
github.com/moroshma/MiniToolStreamConnector/minitoolstream_connector/usecase/subscriber/subscriber.go:222.2,223.12 2 3
github.com/moroshma/MiniToolStreamConnector/minitoolstream_connector/usecase/subscriber/subscriber.go:227.31,231.41 4 2
github.com/moroshma/MiniToolStreamConnector/minitoolstream_connector/usecase/subscriber/subscriber.go:231.41,233.3 1 0
github.com/moroshma/MiniToolStreamConnector/minitoolstream_connector/usecase/subscriber/subscriber.go:234.2,234.43 1 2
github.com/moroshma/MiniToolStreamConnector/minitoolstream_connector/usecase/subscriber/subscriber.go:238.31,240.2 1 1
github.com/moroshma/MiniToolStreamConnector/minitoolstream_connector/publisher.go:35.82,36.22 1 1
github.com/moroshma/MiniToolStreamConnector/minitoolstream_connector/publisher.go:36.22,38.3 1 1
github.com/moroshma/MiniToolStreamConnector/minitoolstream_connector/publisher.go:41.2,42.16 2 0
github.com/moroshma/MiniToolStreamConnector/minitoolstream_connector/publisher.go:42.16,44.3 1 0
github.com/moroshma/MiniToolStreamConnector/minitoolstream_connector/publisher.go:47.2,50.16 2 0
github.com/moroshma/MiniToolStreamConnector/minitoolstream_connector/publisher.go:50.16,53.3 2 0
github.com/moroshma/MiniToolStreamConnector/minitoolstream_connector/publisher.go:55.2,55.17 1 0
github.com/moroshma/MiniToolStreamConnector/minitoolstream_connector/publisher.go:67.63,71.2 1 8
github.com/moroshma/MiniToolStreamConnector/minitoolstream_connector/publisher.go:74.87,77.2 2 3
github.com/moroshma/MiniToolStreamConnector/minitoolstream_connector/publisher.go:80.94,83.2 2 3
github.com/moroshma/MiniToolStreamConnector/minitoolstream_connector/publisher.go:86.55,87.18 1 2
github.com/moroshma/MiniToolStreamConnector/minitoolstream_connector/publisher.go:87.18,89.3 1 1
github.com/moroshma/MiniToolStreamConnector/minitoolstream_connector/publisher.go:91.2,91.24 1 1
github.com/moroshma/MiniToolStreamConnector/minitoolstream_connector/publisher.go:91.24,93.3 1 1
github.com/moroshma/MiniToolStreamConnector/minitoolstream_connector/publisher.go:96.2,97.16 2 0
github.com/moroshma/MiniToolStreamConnector/minitoolstream_connector/publisher.go:97.16,99.3 1 0
github.com/moroshma/MiniToolStreamConnector/minitoolstream_connector/publisher.go:102.2,106.16 2 0
github.com/moroshma/MiniToolStreamConnector/minitoolstream_connector/publisher.go:106.16,109.3 2 0
github.com/moroshma/MiniToolStreamConnector/minitoolstream_connector/publisher.go:111.2,111.17 1 0
github.com/moroshma/MiniToolStreamConnector/minitoolstream_connector/subscriber.go:29.104,30.22 1 1
github.com/moroshma/MiniToolStreamConnector/minitoolstream_connector/subscriber.go:30.22,32.3 1 1
github.com/moroshma/MiniToolStreamConnector/minitoolstream_connector/subscriber.go:34.2,34.23 1 0
github.com/moroshma/MiniToolStreamConnector/minitoolstream_connector/subscriber.go:34.23,36.3 1 0
github.com/moroshma/MiniToolStreamConnector/minitoolstream_connector/subscriber.go:39.2,40.16 2 0
github.com/moroshma/MiniToolStreamConnector/minitoolstream_connector/subscriber.go:40.16,42.3 1 0
github.com/moroshma/MiniToolStreamConnector/minitoolstream_connector/subscriber.go:45.2,50.16 2 0
github.com/moroshma/MiniToolStreamConnector/minitoolstream_connector/subscriber.go:50.16,53.3 2 0
github.com/moroshma/MiniToolStreamConnector/minitoolstream_connector/subscriber.go:55.2,55.17 1 0
github.com/moroshma/MiniToolStreamConnector/minitoolstream_connector/subscriber.go:69.65,74.2 1 13
github.com/moroshma/MiniToolStreamConnector/minitoolstream_connector/subscriber.go:77.84,80.2 2 3
github.com/moroshma/MiniToolStreamConnector/minitoolstream_connector/subscriber.go:83.79,86.2 2 3
github.com/moroshma/MiniToolStreamConnector/minitoolstream_connector/subscriber.go:89.89,92.2 2 3
github.com/moroshma/MiniToolStreamConnector/minitoolstream_connector/subscriber.go:95.92,98.2 2 3
github.com/moroshma/MiniToolStreamConnector/minitoolstream_connector/subscriber.go:101.57,102.18 1 3
github.com/moroshma/MiniToolStreamConnector/minitoolstream_connector/subscriber.go:102.18,104.3 1 1
github.com/moroshma/MiniToolStreamConnector/minitoolstream_connector/subscriber.go:106.2,106.24 1 2
github.com/moroshma/MiniToolStreamConnector/minitoolstream_connector/subscriber.go:106.24,108.3 1 1
github.com/moroshma/MiniToolStreamConnector/minitoolstream_connector/subscriber.go:110.2,110.25 1 1
github.com/moroshma/MiniToolStreamConnector/minitoolstream_connector/subscriber.go:110.25,112.3 1 1
github.com/moroshma/MiniToolStreamConnector/minitoolstream_connector/subscriber.go:115.2,116.16 2 1
github.com/moroshma/MiniToolStreamConnector/minitoolstream_connector/subscriber.go:116.16,118.3 1 0
github.com/moroshma/MiniToolStreamConnector/minitoolstream_connector/subscriber.go:121.2,127.16 2 1
github.com/moroshma/MiniToolStreamConnector/minitoolstream_connector/subscriber.go:127.16,130.3 2 0
github.com/moroshma/MiniToolStreamConnector/minitoolstream_connector/subscriber.go:132.2,132.17 1 1
github.com/moroshma/MiniToolStreamConnector/minitoolstream_connector/usecase/publisher/publisher.go:27.65,29.2 1 0
github.com/moroshma/MiniToolStreamConnector/minitoolstream_connector/usecase/publisher/publisher.go:41.52,42.19 1 21
github.com/moroshma/MiniToolStreamConnector/minitoolstream_connector/usecase/publisher/publisher.go:42.19,44.3 1 1
github.com/moroshma/MiniToolStreamConnector/minitoolstream_connector/usecase/publisher/publisher.go:46.2,46.26 1 20
github.com/moroshma/MiniToolStreamConnector/minitoolstream_connector/usecase/publisher/publisher.go:46.26,48.3 1 1
github.com/moroshma/MiniToolStreamConnector/minitoolstream_connector/usecase/publisher/publisher.go:50.2,51.19 2 19
github.com/moroshma/MiniToolStreamConnector/minitoolstream_connector/usecase/publisher/publisher.go:51.19,53.3 1 3
github.com/moroshma/MiniToolStreamConnector/minitoolstream_connector/usecase/publisher/publisher.go:55.2,56.26 2 19
github.com/moroshma/MiniToolStreamConnector/minitoolstream_connector/usecase/publisher/publisher.go:56.26,58.3 1 18
github.com/moroshma/MiniToolStreamConnector/minitoolstream_connector/usecase/publisher/publisher.go:60.2,65.8 1 19
github.com/moroshma/MiniToolStreamConnector/minitoolstream_connector/usecase/publisher/publisher.go:69.76,74.2 4 6
github.com/moroshma/MiniToolStreamConnector/minitoolstream_connector/usecase/publisher/publisher.go:77.80,80.37 3 1
github.com/moroshma/MiniToolStreamConnector/minitoolstream_connector/usecase/publisher/publisher.go:80.37,82.3 1 2
github.com/moroshma/MiniToolStreamConnector/minitoolstream_connector/usecase/publisher/publisher.go:83.2,83.102 1 1
github.com/moroshma/MiniToolStreamConnector/minitoolstream_connector/usecase/publisher/publisher.go:87.74,92.2 4 1
github.com/moroshma/MiniToolStreamConnector/minitoolstream_connector/usecase/publisher/publisher.go:95.95,97.2 1 5
github.com/moroshma/MiniToolStreamConnector/minitoolstream_connector/usecase/publisher/publisher.go:100.101,101.25 1 4
github.com/moroshma/MiniToolStreamConnector/minitoolstream_connector/usecase/publisher/publisher.go:101.25,105.3 3 2
github.com/moroshma/MiniToolStreamConnector/minitoolstream_connector/usecase/publisher/publisher.go:107.2,107.25 1 4
github.com/moroshma/MiniToolStreamConnector/minitoolstream_connector/usecase/publisher/publisher.go:107.25,109.3 1 1
github.com/moroshma/MiniToolStreamConnector/minitoolstream_connector/usecase/publisher/publisher.go:111.2,116.37 4 3
github.com/moroshma/MiniToolStreamConnector/minitoolstream_connector/usecase/publisher/publisher.go:116.37,118.49 2 7
github.com/moroshma/MiniToolStreamConnector/minitoolstream_connector/usecase/publisher/publisher.go:118.49,120.57 2 7
github.com/moroshma/MiniToolStreamConnector/minitoolstream_connector/usecase/publisher/publisher.go:120.57,122.5 1 1
github.com/moroshma/MiniToolStreamConnector/minitoolstream_connector/usecase/publisher/publisher.go:126.2,131.27 4 3
github.com/moroshma/MiniToolStreamConnector/minitoolstream_connector/usecase/publisher/publisher.go:131.27,133.3 1 1
github.com/moroshma/MiniToolStreamConnector/minitoolstream_connector/usecase/publisher/publisher.go:135.2,135.19 1 3
github.com/moroshma/MiniToolStreamConnector/minitoolstream_connector/usecase/publisher/publisher.go:135.19,137.3 1 1
github.com/moroshma/MiniToolStreamConnector/minitoolstream_connector/usecase/publisher/publisher.go:139.2,140.12 2 2
github.com/moroshma/MiniToolStreamConnector/minitoolstream_connector/usecase/publisher/publisher.go:144.107,149.16 3 12
github.com/moroshma/MiniToolStreamConnector/minitoolstream_connector/usecase/publisher/publisher.go:149.16,151.3 1 2
github.com/moroshma/MiniToolStreamConnector/minitoolstream_connector/usecase/publisher/publisher.go:153.2,153.16 1 10
github.com/moroshma/MiniToolStreamConnector/minitoolstream_connector/usecase/publisher/publisher.go:153.16,155.3 1 1
github.com/moroshma/MiniToolStreamConnector/minitoolstream_connector/usecase/publisher/publisher.go:158.2,160.16 3 9
github.com/moroshma/MiniToolStreamConnector/minitoolstream_connector/usecase/publisher/publisher.go:160.16,162.3 1 1
github.com/moroshma/MiniToolStreamConnector/minitoolstream_connector/usecase/publisher/publisher.go:165.2,165.28 1 8
github.com/moroshma/MiniToolStreamConnector/minitoolstream_connector/usecase/publisher/publisher.go:165.28,166.61 1 8
github.com/moroshma/MiniToolStreamConnector/minitoolstream_connector/usecase/publisher/publisher.go:166.61,168.4 1 0
github.com/moroshma/MiniToolStreamConnector/minitoolstream_connector/usecase/publisher/publisher.go:171.2,171.28 1 8
github.com/moroshma/MiniToolStreamConnector/minitoolstream_connector/usecase/publisher/publisher.go:171.28,173.3 1 1
github.com/moroshma/MiniToolStreamConnector/minitoolstream_connector/usecase/publisher/publisher.go:175.2,175.12 1 7
github.com/moroshma/MiniToolStreamConnector/minitoolstream_connector/usecase/publisher/publisher.go:179.41,180.21 1 2
github.com/moroshma/MiniToolStreamConnector/minitoolstream_connector/usecase/publisher/publisher.go:180.21,181.42 1 2
github.com/moroshma/MiniToolStreamConnector/minitoolstream_connector/usecase/publisher/publisher.go:181.42,183.4 1 1
github.com/moroshma/MiniToolStreamConnector/minitoolstream_connector/usecase/publisher/publisher.go:184.3,184.42 1 1
github.com/moroshma/MiniToolStreamConnector/minitoolstream_connector/usecase/publisher/publisher.go:186.2,186.12 1 1
github.com/moroshma/MiniToolStreamConnector/minitoolstream_connector/usecase/publisher/result_handler.go:17.81,18.19 1 26
github.com/moroshma/MiniToolStreamConnector/minitoolstream_connector/usecase/publisher/result_handler.go:18.19,20.3 1 1
github.com/moroshma/MiniToolStreamConnector/minitoolstream_connector/usecase/publisher/result_handler.go:21.2,24.3 1 26
github.com/moroshma/MiniToolStreamConnector/minitoolstream_connector/usecase/publisher/result_handler.go:28.96,29.19 1 18
github.com/moroshma/MiniToolStreamConnector/minitoolstream_connector/usecase/publisher/result_handler.go:29.19,31.3 1 1
github.com/moroshma/MiniToolStreamConnector/minitoolstream_connector/usecase/publisher/result_handler.go:33.2,33.28 1 17
github.com/moroshma/MiniToolStreamConnector/minitoolstream_connector/usecase/publisher/result_handler.go:33.28,36.3 2 6
github.com/moroshma/MiniToolStreamConnector/minitoolstream_connector/usecase/publisher/result_handler.go:38.2,38.15 1 11
github.com/moroshma/MiniToolStreamConnector/minitoolstream_connector/usecase/publisher/result_handler.go:38.15,41.3 1 10
github.com/moroshma/MiniToolStreamConnector/minitoolstream_connector/usecase/publisher/result_handler.go:41.8,43.3 1 1
github.com/moroshma/MiniToolStreamConnector/minitoolstream_connector/usecase/publisher/result_handler.go:45.2,45.12 1 11
